{"C:\\Users\\79636\\Desktop\\Галя\\Учеба\\IT-switcher\\New_Project\\bonus_calc_test\\Bonus_calc.js": {"path":"C:\\Users\\79636\\Desktop\\Галя\\Учеба\\IT-switcher\\New_Project\\bonus_calc_test\\Bonus_calc.js","statementMap":{"0":{"start":{"line":1,"column":23},"end":{"line":8,"column":1}},"1":{"start":{"line":3,"column":12},"end":{"line":3,"column":17}},"2":{"start":{"line":4,"column":0},"end":{"line":4,"column":9}},"3":{"start":{"line":5,"column":0},"end":{"line":5,"column":40}},"4":{"start":{"line":6,"column":0},"end":{"line":6,"column":9}},"5":{"start":{"line":7,"column":0},"end":{"line":7,"column":13}},"6":{"start":{"line":9,"column":0},"end":{"line":9,"column":32}}},"fnMap":{"0":{"name":"(anonymous_0)","decl":{"start":{"line":1,"column":23},"end":{"line":1,"column":24}},"loc":{"start":{"line":1,"column":33},"end":{"line":8,"column":1}},"line":1}},"branchMap":{"0":{"loc":{"start":{"line":5,"column":0},"end":{"line":5,"column":39}},"type":"cond-expr","locations":[{"start":{"line":5,"column":12},"end":{"line":5,"column":22}},{"start":{"line":5,"column":27},"end":{"line":5,"column":38}}],"line":5}},"s":{"0":1,"1":3,"2":3,"3":3,"4":3,"5":3,"6":1},"f":{"0":3},"b":{"0":[1,2]},"_coverageSchema":"1a1c01bbd47fc00a2c39e90264f33305004495a9","hash":"945dbfee4d39a2acb94bef08e0578dbec81131ac"}
}
